0 info it worked if it ends with ok
1 verbose cli [ 'C:\\Program Files\\nodejs\\node.exe',
1 verbose cli   'C:\\Program Files\\nodejs\\node_modules\\npm\\bin\\npm-cli.js',
1 verbose cli   'run',
1 verbose cli   'watch' ]
2 info using npm@3.10.10
3 info using node@v6.11.2
4 verbose run-script [ 'prewatch', 'watch', 'postwatch' ]
5 info lifecycle express-react@0.0.0~prewatch: express-react@0.0.0
6 silly lifecycle express-react@0.0.0~prewatch: no script for prewatch, continuing
7 info lifecycle express-react@0.0.0~watch: express-react@0.0.0
8 verbose lifecycle express-react@0.0.0~watch: unsafe-perm in lifecycle true
9 verbose lifecycle express-react@0.0.0~watch: PATH: C:\Program Files\nodejs\node_modules\npm\bin\node-gyp-bin;C:\Users\spinard\git\web\express_react\node_modules\.bin;C:\ProgramData\Oracle\Java\javapath;C:\Program Files (x86)\Intel\iCLS Client\;C:\Program Files\Intel\iCLS Client\;C:\WINDOWS\system32;C:\WINDOWS;C:\WINDOWS\System32\Wbem;C:\WINDOWS\System32\WindowsPowerShell\v1.0\;C:\Program Files (x86)\Intel\Intel(R) Management Engine Components\DAL;C:\Program Files\Intel\Intel(R) Management Engine Components\DAL;C:\Program Files (x86)\Intel\Intel(R) Management Engine Components\IPT;C:\Program Files\Intel\Intel(R) Management Engine Components\IPT;C:\Program Files\nodejs\;C:\Program Files (x86)\Brackets\command;C:\Program Files\Intel\WiFi\bin\;C:\Program Files\Common Files\Intel\WirelessCommon\;C:\Program Files\PuTTY\;C:\gradle\bin;C:\Users\spinard\AppData\Local\Microsoft\WindowsApps;C:\Users\spinard\AppData\Roaming\npm;C:\Program Files\MongoDB\Server\3.4\bin;C:\Program Files\7-Zip;C:\Users\spinard\AppData\Local\.meteor\;C:\Users\spinard\AppData\Local\Android\sdk\platform-tools;C:\Users\spinard\AppData\Local\Android\sdk\tools;C:\Users\spinard\.gradle;C:\Users\spinard\AppData\Local\Android\sdk\build-tools
10 verbose lifecycle express-react@0.0.0~watch: CWD: C:\Users\spinard\git\web\express_react
11 silly lifecycle express-react@0.0.0~watch: Args: [ '/d /s /c',
11 silly lifecycle   'watchify -v -g  reactify -p [ browserify-livereload --host 127.0.0.1 --port 1338 ] ./app/App.jsx -o ./app/bundle.js -t --minified --plugins [ transform-decorators-legacy  ]' ]
12 verbose stack Error: kill ENOSYS
12 verbose stack     at exports._errnoException (util.js:1020:11)
12 verbose stack     at process.kill (internal/process.js:190:13)
12 verbose stack     at process.listener (C:\Program Files\nodejs\node_modules\npm\node_modules\npmlog\node_modules\gauge\node_modules\signal-exit\index.js:86:15)
12 verbose stack     at emitNone (events.js:91:20)
12 verbose stack     at process.emit (events.js:185:7)
12 verbose stack     at processEmit (C:\Program Files\nodejs\node_modules\npm\node_modules\npmlog\node_modules\gauge\node_modules\signal-exit\index.js:146:32)
12 verbose stack     at processEmit (C:\Program Files\nodejs\node_modules\npm\node_modules\npm-registry-client\node_modules\npmlog\node_modules\gauge\node_modules\signal-exit\index.js:146:32)
12 verbose stack     at Signal.wrap.onsignal (internal/process.js:217:44)
13 verbose cwd C:\Users\spinard\git\web\express_react\app
14 error Windows_NT 10.0.15063
15 error argv "C:\\Program Files\\nodejs\\node.exe" "C:\\Program Files\\nodejs\\node_modules\\npm\\bin\\npm-cli.js" "run" "watch"
16 error node v6.11.2
17 error npm  v3.10.10
18 error code ENOSYS
19 error errno ENOSYS
20 error syscall kill
21 error kill ENOSYS
22 error If you need help, you may report this error at:
22 error     <https://github.com/npm/npm/issues>
23 verbose exit [ 1, true ]
